<?xml version="1.0" encoding="UTF-8"?>
<!-- Generated by org.testng.reporters.JUnitReportReporter -->
<testsuite hostname="CS-KOL-1161" failures="0" tests="1" name="testcases.Logintestcase" time="1.717" errors="0" timestamp="10 Aug 2021 15:34:53 GMT">
  <testcase classname="testcases.Logintestcase" name="logincheck" time="1.717"/>
</testsuite> <!-- testcases.Logintestcase -->
