<?xml version="1.0" encoding="UTF-8"?>
<!-- Generated by org.testng.reporters.JUnitReportReporter -->
<testsuite hostname="CS-KOL-1161" failures="0" tests="2" name="Netforest.Demo" time="2.962" errors="0" timestamp="2021-08-01T19:44:48 IST" skipped="0">
  <testcase classname="Netforest.Demo" name="submit" time="1.981"/>
  <system-out/>
  <testcase classname="Netforest.Demo" name="login" time="0.981"/>
  <system-out/>
</testsuite> <!-- Netforest.Demo -->
